<?xml version="1.0" encoding="UTF-8"?>
<!-- Generated by org.testng.reporters.JUnitReportReporter -->
<testsuite skipped="0" hostname="Ramana-PC" name="qa.backbase.test.AddComputerPageTest" tests="30" failures="0" timestamp="10 Feb 2019 18:32:11 GMT" time="365.868" errors="0">
  <testcase name="verify_page_title" time="9.948" classname="qa.backbase.test.AddComputerPageTest"/>
  <testcase name="verify_error_when_invalid_introduceddate_provided" time="13.581" classname="qa.backbase.test.AddComputerPageTest"/>
  <testcase name="verify_error_when_invalid_discontinueddate_provided" time="10.992" classname="qa.backbase.test.AddComputerPageTest"/>
  <testcase name="verify_error_when_invalid_introduceddate_provided" time="11.166" classname="qa.backbase.test.AddComputerPageTest"/>
  <testcase name="verify_error_when_invalid_discontinueddate_provided" time="12.650" classname="qa.backbase.test.AddComputerPageTest"/>
  <testcase name="verify_addacomputer_with_valid_data" time="11.648" classname="qa.backbase.test.AddComputerPageTest"/>
  <testcase name="verify_error_when_invalid_introduceddate_provided" time="14.530" classname="qa.backbase.test.AddComputerPageTest"/>
  <testcase name="verify_error_when_invalid_discontinueddate_provided" time="11.147" classname="qa.backbase.test.AddComputerPageTest"/>
  <testcase name="verify_error_when_invalid_discontinueddate_provided" time="14.363" classname="qa.backbase.test.AddComputerPageTest"/>
  <testcase name="verify_addacomputer_with_valid_data" time="11.672" classname="qa.backbase.test.AddComputerPageTest"/>
  <testcase name="verify_addacomputer_with_valid_data" time="12.719" classname="qa.backbase.test.AddComputerPageTest"/>
  <testcase name="verify_cancel_button_functionality" time="11.029" classname="qa.backbase.test.AddComputerPageTest"/>
  <testcase name="verify_addacomputer_with_valid_data" time="12.584" classname="qa.backbase.test.AddComputerPageTest"/>
  <testcase name="verify_addacomputer_with_valid_data" time="12.653" classname="qa.backbase.test.AddComputerPageTest"/>
  <testcase name="verify_addacomputer_with_valid_data" time="11.634" classname="qa.backbase.test.AddComputerPageTest"/>
  <testcase name="verify_error_when_invalid_discontinueddate_provided" time="11.630" classname="qa.backbase.test.AddComputerPageTest"/>
  <testcase name="verify_addacomputer_with_valid_data" time="13.903" classname="qa.backbase.test.AddComputerPageTest"/>
  <testcase name="verify_error_when_invalid_discontinueddate_provided" time="11.311" classname="qa.backbase.test.AddComputerPageTest"/>
  <testcase name="verify_error_when_invalid_introduceddate_provided" time="12.297" classname="qa.backbase.test.AddComputerPageTest"/>
  <testcase name="verify_error_when_invalid_discontinueddate_provided" time="11.846" classname="qa.backbase.test.AddComputerPageTest"/>
  <testcase name="verify_addacomputer_with_valid_data" time="12.137" classname="qa.backbase.test.AddComputerPageTest"/>
  <testcase name="verify_error_when_invalid_introduceddate_provided" time="10.309" classname="qa.backbase.test.AddComputerPageTest"/>
  <testcase name="verify_error_when_invalid_introduceddate_provided" time="12.366" classname="qa.backbase.test.AddComputerPageTest"/>
  <testcase name="verify_addacomputer_page_fields" time="13.391" classname="qa.backbase.test.AddComputerPageTest"/>
  <testcase name="verify_error_when_computername_not_provided" time="9.969" classname="qa.backbase.test.AddComputerPageTest"/>
  <testcase name="verify_error_when_invalid_introduceddate_provided" time="13.667" classname="qa.backbase.test.AddComputerPageTest"/>
  <testcase name="verify_addacomputer_with_valid_data" time="13.055" classname="qa.backbase.test.AddComputerPageTest"/>
  <testcase name="verify_addacomputer_with_valid_data" time="10.748" classname="qa.backbase.test.AddComputerPageTest"/>
  <testcase name="verify_addacomputer_with_valid_data" time="13.958" classname="qa.backbase.test.AddComputerPageTest"/>
  <testcase name="verify_addacomputer_with_valid_data" time="12.965" classname="qa.backbase.test.AddComputerPageTest"/>
</testsuite> <!-- qa.backbase.test.AddComputerPageTest -->
