<?xml version="1.0" encoding="UTF-8"?>
<!-- Generated by org.testng.reporters.JUnitReportReporter -->
<testsuite skipped="0" hostname="Ramana-PC" name="qa.backbase.test.HomePageTest" tests="2" failures="0" timestamp="10 Feb 2019 19:23:21 GMT" time="48.848" errors="0">
  <testcase name="verify_filterbyname_functionality" time="36.729" classname="qa.backbase.test.HomePageTest"/>
  <testcase name="verify_filterbyname_functionality" time="12.119" classname="qa.backbase.test.HomePageTest"/>
</testsuite> <!-- qa.backbase.test.HomePageTest -->
